<?xml version="1.0" encoding="UTF-8"?>
<!-- Generated by org.testng.reporters.JUnitXMLReporter -->
<testsuite ignored="4" hostname="DESKTOP-ELEGLQT" failures="0" tests="1" name="Default test" time="0.055" errors="0" timestamp="2021-09-23T19:27:05 IST">
  <testcase classname="Dummy.AppTest" name="verify" time="0.011"/>
  <testcase classname="Dummy.AppTest" name="test" time="0.0">
    <ignored/>
  </testcase> <!-- test -->
  <testcase classname="Dummy.AppTest" name="gitTest" time="0.0">
    <ignored/>
  </testcase> <!-- gitTest -->
  <testcase classname="Dummy.AppTest" name="demo" time="0.0">
    <ignored/>
  </testcase> <!-- demo -->
  <testcase classname="Dummy.AppTest" name="get" time="0.0">
    <ignored/>
  </testcase> <!-- get -->
</testsuite> <!-- Default test -->
