<?xml version="1.0" encoding="UTF-8"?>
<!-- Generated by org.testng.reporters.JUnitXMLReporter -->
<testsuite ignored="2" hostname="DESKTOP-ELEGLQT" failures="0" tests="1" name="Test" time="0.04" errors="0" timestamp="2021-09-21T17:12:58 IST">
  <testcase classname="Dummy.AppTest" name="test" time="0.005"/>
  <testcase classname="Dummy.AppTest" name="verify" time="0.0">
    <ignored/>
  </testcase> <!-- verify -->
  <testcase classname="Dummy.AppTest" name="demo" time="0.0">
    <ignored/>
  </testcase> <!-- demo -->
</testsuite> <!-- Test -->
