<?xml version="1.0" encoding="UTF-8"?>
<testng-results ignored="2" total="3" passed="1" failed="0" skipped="0">
  <reporter-output>
  </reporter-output>
  <suite started-at="2021-09-21T17:12:58 IST" name="Suite" finished-at="2021-09-21T17:12:58 IST" duration-ms="40">
    <groups>
    </groups>
    <test started-at="2021-09-21T17:12:58 IST" name="Test" finished-at="2021-09-21T17:12:58 IST" duration-ms="40">
      <class name="Dummy.AppTest">
        <test-method signature="test()[pri:0, instance:Dummy.AppTest@550ee7e5]" started-at="2021-09-21T17:12:58 IST" name="test" finished-at="2021-09-21T17:12:58 IST" duration-ms="5" status="PASS">
          <reporter-output>
          </reporter-output>
        </test-method> <!-- test -->
      </class> <!-- Dummy.AppTest -->
    </test> <!-- Test -->
  </suite> <!-- Suite -->
</testng-results>
