<?xml version="1.0" encoding="UTF-8"?>
<testng-results ignored="4" total="5" passed="1" failed="0" skipped="0">
  <reporter-output>
  </reporter-output>
  <suite started-at="2021-09-23T19:27:05 IST" name="Default suite" finished-at="2021-09-23T19:27:05 IST" duration-ms="55">
    <groups>
    </groups>
    <test started-at="2021-09-23T19:27:05 IST" name="Default test" finished-at="2021-09-23T19:27:05 IST" duration-ms="55">
      <class name="Dummy.AppTest">
        <test-method signature="verify()[pri:0, instance:Dummy.AppTest@2a54a73f]" started-at="2021-09-23T19:27:05 IST" name="verify" finished-at="2021-09-23T19:27:05 IST" duration-ms="11" status="PASS">
          <reporter-output>
          </reporter-output>
        </test-method> <!-- verify -->
      </class> <!-- Dummy.AppTest -->
    </test> <!-- Default test -->
  </suite> <!-- Default suite -->
</testng-results>
