<?xml version="1.0" encoding="UTF-8"?>
<testng-results ignored="0" total="1" passed="1" failed="0" skipped="0">
  <reporter-output>
  </reporter-output>
  <suite started-at="2021-09-19T20:04:25 IST" name="Suite" finished-at="2021-09-19T20:04:25 IST" duration-ms="150">
    <groups>
    </groups>
    <test started-at="2021-09-19T20:04:25 IST" name="Test" finished-at="2021-09-19T20:04:25 IST" duration-ms="150">
      <class name="Dummy.AppTest">
        <test-method signature="demo()[pri:0, instance:Dummy.AppTest@446293d]" started-at="2021-09-19T20:04:25 IST" name="demo" finished-at="2021-09-19T20:04:25 IST" duration-ms="9" status="PASS">
          <reporter-output>
          </reporter-output>
        </test-method> <!-- demo -->
      </class> <!-- Dummy.AppTest -->
    </test> <!-- Test -->
  </suite> <!-- Suite -->
</testng-results>
